<?xml version="1.0" encoding="UTF-8"?>
<!-- Generated by org.testng.reporters.JUnitXMLReporter -->
<testsuite ignored="1" hostname="TYSS-Chaithra" failures="0" tests="1" name="Test" time="9.606" errors="0" timestamp="2024-10-28T07:10:24 IST">
  <testcase classname="products.AddProductToCartTest" name="removeProductTest" time="0.009"/>
  <testcase classname="products.AddProductToCartTest" name="tc001_addSingleProductToCartTest" time="0.0">
    <ignored/>
  </testcase> <!-- tc001_addSingleProductToCartTest -->
</testsuite> <!-- Test -->
