<?xml version="1.0" encoding="UTF-8"?>
<testng-results ignored="0" total="2" passed="2" failed="0" skipped="0">
  <reporter-output>
  </reporter-output>
  <suite started-at="2024-11-07T08:11:02 IST" name="Default suite" finished-at="2024-11-07T08:11:12 IST" duration-ms="9819">
    <groups>
      <group name="RegressionSuite">
        <method signature="AddProductToCartTest.removeProductTest()[pri:0, instance:products.AddProductToCartTest@506ae4d4]" name="removeProductTest" class="products.AddProductToCartTest"/>
      </group> <!-- RegressionSuite -->
      <group name="SmokeSuite">
        <method signature="AddProductToCartTest.tc001_addSingleProductToCartTest()[pri:0, instance:products.AddProductToCartTest@506ae4d4]" name="tc001_addSingleProductToCartTest" class="products.AddProductToCartTest"/>
      </group> <!-- SmokeSuite -->
    </groups>
    <test started-at="2024-11-07T08:11:02 IST" name="Default test" finished-at="2024-11-07T08:11:12 IST" duration-ms="9819">
      <class name="products.AddProductToCartTest">
        <test-method is-config="true" signature="bsConfig()[pri:0, instance:products.AddProductToCartTest@506ae4d4]" started-at="2024-11-07T08:11:02 IST" name="bsConfig" finished-at="2024-11-07T08:11:02 IST" duration-ms="6" status="PASS">
          <reporter-output>
          </reporter-output>
        </test-method> <!-- bsConfig -->
        <test-method is-config="true" signature="bcConfig()[pri:0, instance:products.AddProductToCartTest@506ae4d4]" started-at="2024-11-07T08:11:03 IST" name="bcConfig" finished-at="2024-11-07T08:11:08 IST" duration-ms="4915" status="PASS">
          <reporter-output>
          </reporter-output>
        </test-method> <!-- bcConfig -->
        <test-method is-config="true" signature="bmConfig()[pri:0, instance:products.AddProductToCartTest@506ae4d4]" started-at="2024-11-07T08:11:08 IST" name="bmConfig" finished-at="2024-11-07T08:11:08 IST" duration-ms="243" status="PASS">
          <reporter-output>
          </reporter-output>
        </test-method> <!-- bmConfig -->
        <test-method signature="removeProductTest()[pri:0, instance:products.AddProductToCartTest@506ae4d4]" started-at="2024-11-07T08:11:08 IST" name="removeProductTest" finished-at="2024-11-07T08:11:08 IST" duration-ms="14" status="PASS">
          <reporter-output>
          </reporter-output>
        </test-method> <!-- removeProductTest -->
        <test-method is-config="true" signature="amConfig()[pri:0, instance:products.AddProductToCartTest@506ae4d4]" started-at="2024-11-07T08:11:08 IST" name="amConfig" finished-at="2024-11-07T08:11:08 IST" duration-ms="247" status="PASS">
          <reporter-output>
          </reporter-output>
        </test-method> <!-- amConfig -->
        <test-method is-config="true" signature="bmConfig()[pri:0, instance:products.AddProductToCartTest@506ae4d4]" started-at="2024-11-07T08:11:08 IST" name="bmConfig" finished-at="2024-11-07T08:11:08 IST" duration-ms="155" status="PASS">
          <reporter-output>
          </reporter-output>
        </test-method> <!-- bmConfig -->
        <test-method signature="tc001_addSingleProductToCartTest()[pri:0, instance:products.AddProductToCartTest@506ae4d4]" started-at="2024-11-07T08:11:08 IST" name="tc001_addSingleProductToCartTest" finished-at="2024-11-07T08:11:11 IST" duration-ms="2823" status="PASS">
          <reporter-output>
          </reporter-output>
        </test-method> <!-- tc001_addSingleProductToCartTest -->
        <test-method is-config="true" signature="amConfig()[pri:0, instance:products.AddProductToCartTest@506ae4d4]" started-at="2024-11-07T08:11:11 IST" name="amConfig" finished-at="2024-11-07T08:11:11 IST" duration-ms="165" status="PASS">
          <reporter-output>
          </reporter-output>
        </test-method> <!-- amConfig -->
        <test-method is-config="true" signature="acConfig()[pri:0, instance:products.AddProductToCartTest@506ae4d4]" started-at="2024-11-07T08:11:11 IST" name="acConfig" finished-at="2024-11-07T08:11:12 IST" duration-ms="1048" status="PASS">
          <reporter-output>
          </reporter-output>
        </test-method> <!-- acConfig -->
        <test-method is-config="true" signature="asConfig()[pri:0, instance:products.AddProductToCartTest@506ae4d4]" started-at="2024-11-07T08:11:13 IST" name="asConfig" finished-at="2024-11-07T08:11:13 IST" duration-ms="0" status="PASS">
          <reporter-output>
          </reporter-output>
        </test-method> <!-- asConfig -->
      </class> <!-- products.AddProductToCartTest -->
    </test> <!-- Default test -->
  </suite> <!-- Default suite -->
</testng-results>
